<?xml version="1.0" encoding="UTF-8"?>
<robot generator="Robot 7.3 (Python 3.9.7 on darwin)" generated="2025-06-15T22:08:26.308002" rpa="false" schemaversion="5">
<suite id="s1" name="First Ui Test" source="/Users/aronkock/PycharmProjects/RobotFramework_Practice/Tests/first_ui_test.robot">
<test id="s1-t1" name="Successful Login Test" line="19">
<kw name="Open Browser To Login Page">
<kw name="New Browser" owner="Browser">
<msg time="2025-06-15T22:08:26.503589" level="INFO">{"browser": "chromium", "headless": false, "args": ["--disable-save-password-bubble"], "chromiumSandbox": false, "devtools": false, "handleSIGHUP": true, "handleSIGINT": true, "handleSIGTERM": true, "slowMo": 0.0, "timeout": 30000.0, "tracesDir": "/Users/aronkock/PycharmProjects/RobotFramework_Practice/browser/traces/temp/b6baf72b-d81a-48e3-bd9f-536fddcb6143"}</msg>
<msg time="2025-06-15T22:08:26.601560" level="INFO">Starting Browser process /Users/aronkock/PycharmProjects/RobotFramework_Practice/venv/lib/python3.9/site-packages/Browser/wrapper/index.js using at 127.0.0.1:50361</msg>
<msg time="2025-06-15T22:08:29.452344" level="INFO">Successfully created browser with options: {"browser":"chromium","headless":false,"args":["--disable-save-password-bubble"],"chromiumSandbox":false,"devtools":false,"handleSIGHUP":true,"handleSIGINT":true,"handleSIGTERM":true,"slowMo":0,"timeout":30000,"tracesDir":"/Users/aronkock/PycharmProjects/RobotFramework_Practice/browser/traces/temp/b6baf72b-d81a-48e3-bd9f-536fddcb6143"}</msg>
<arg>chromium</arg>
<arg>headless=false</arg>
<arg>args=["--disable-save-password-bubble"]</arg>
<tag>BrowserControl</tag>
<tag>Setter</tag>
<doc>Create a new playwright Browser with specified options.</doc>
<status status="PASS" start="2025-06-15T22:08:26.501937" elapsed="2.950933"/>
</kw>
<kw name="New Context" owner="Browser">
<msg time="2025-06-15T22:08:29.457429" level="INFO">{
  "acceptDownloads": true,
  "bypassCSP": false,
  "forcedColors": "none",
  "ignoreHTTPSErrors": false,
  "javaScriptEnabled": true,
  "offline": false,
  "reducedMotion": "no-preference",
  "serviceWorkers": "allow",
  "viewport": {
    "width": 1280,
    "height": 720
  }
}</msg>
<msg time="2025-06-15T22:08:29.493084" level="INFO">Successfully created context. </msg>
<msg time="2025-06-15T22:08:29.493182" level="INFO">{'acceptDownloads': True, 'bypassCSP': False, 'forcedColors': 'none', 'ignoreHTTPSErrors': False, 'javaScriptEnabled': True, 'offline': False, 'reducedMotion': 'no-preference', 'serviceWorkers': 'allow', 'viewport': {'width': 1280, 'height': 720}}</msg>
<tag>BrowserControl</tag>
<tag>Setter</tag>
<doc>Create a new BrowserContext with specified options.</doc>
<status status="PASS" start="2025-06-15T22:08:29.454711" elapsed="0.038561"/>
</kw>
<kw name="New Page" owner="Browser">
<msg time="2025-06-15T22:08:31.781596" level="INFO">Successfully initialized new page object and opened url: https://www.saucedemo.com/</msg>
<arg>${URL}</arg>
<tag>BrowserControl</tag>
<tag>Setter</tag>
<doc>Open a new Page.</doc>
<status status="PASS" start="2025-06-15T22:08:29.493478" elapsed="2.294528"/>
</kw>
<kw name="Set Viewport Size" owner="Browser">
<msg time="2025-06-15T22:08:31.808888" level="INFO">Set viewport size to: [object Object]</msg>
<arg>1280</arg>
<arg>800</arg>
<tag>BrowserControl</tag>
<tag>Setter</tag>
<doc>Sets current Pages viewport size to specified dimensions.</doc>
<status status="PASS" start="2025-06-15T22:08:31.791874" elapsed="0.017264"/>
</kw>
<status status="PASS" start="2025-06-15T22:08:26.501312" elapsed="5.308138"/>
</kw>
<kw name="Fill Text" owner="Browser">
<msg time="2025-06-15T22:08:31.810982" level="INFO">Fills the text 'standard_user' in the given field.</msg>
<arg>${USERNAME_FIELD}</arg>
<arg>${VALID_USERNAME}</arg>
<tag>PageContent</tag>
<tag>Setter</tag>
<doc>Clears and fills the given ``txt`` into the text field found by ``selector``.</doc>
<status status="PASS" start="2025-06-15T22:08:31.809957" elapsed="0.035655"/>
</kw>
<kw name="Fill Text" owner="Browser">
<msg time="2025-06-15T22:08:31.846464" level="INFO">Fills the text 'secret_sauce' in the given field.</msg>
<arg>${PASSWORD_FIELD}</arg>
<arg>${COMMON_PASSWORD}</arg>
<tag>PageContent</tag>
<tag>Setter</tag>
<doc>Clears and fills the given ``txt`` into the text field found by ``selector``.</doc>
<status status="PASS" start="2025-06-15T22:08:31.845904" elapsed="0.009758"/>
</kw>
<kw name="Click" owner="Browser">
<msg time="2025-06-15T22:08:31.856630" level="INFO">Clicks the element '[data-test="login-button"]'.</msg>
<arg>${LOGIN_BUTTON}</arg>
<tag>PageContent</tag>
<tag>Setter</tag>
<doc>Simulates mouse click on the element found by ``selector``.</doc>
<status status="PASS" start="2025-06-15T22:08:31.855985" elapsed="0.094436"/>
</kw>
<kw name="Wait For Elements State" owner="Browser">
<msg time="2025-06-15T22:08:31.957566" level="INFO">Waited for Element with selector .title at state visible</msg>
<arg>.title</arg>
<arg>visible</arg>
<arg>timeout=20s</arg>
<tag>PageContent</tag>
<tag>Wait</tag>
<doc>Waits for the element found by ``selector`` to satisfy state option.</doc>
<status status="PASS" start="2025-06-15T22:08:31.950750" elapsed="0.006996"/>
</kw>
<kw name="Get Text" owner="Browser">
<msg time="2025-06-15T22:08:31.976325" level="INFO">Text: 'Products'</msg>
<msg time="2025-06-15T22:08:31.976613" level="INFO">${header} = Products</msg>
<var>${header}</var>
<arg>.title</arg>
<tag>Assertion</tag>
<tag>Getter</tag>
<tag>PageContent</tag>
<doc>Returns text attribute of the element found by ``selector``.</doc>
<status status="PASS" start="2025-06-15T22:08:31.958495" elapsed="0.018153"/>
</kw>
<kw name="Should Be Equal" owner="BuiltIn">
<arg>${header}</arg>
<arg>Products</arg>
<doc>Fails if the given objects are unequal.</doc>
<status status="PASS" start="2025-06-15T22:08:31.976924" elapsed="0.000387"/>
</kw>
<kw name="Get Url" owner="Browser">
<msg time="2025-06-15T22:08:31.979594" level="INFO">${current_url} = https://www.saucedemo.com/inventory.html</msg>
<var>${current_url}</var>
<tag>Assertion</tag>
<tag>Getter</tag>
<tag>PageContent</tag>
<doc>Returns the current URL.</doc>
<status status="PASS" start="2025-06-15T22:08:31.977461" elapsed="0.002175"/>
</kw>
<kw name="Should Contain" owner="BuiltIn">
<arg>${current_url}</arg>
<arg>inventory.html</arg>
<doc>Fails if ``container`` does not contain ``item`` one or more times.</doc>
<status status="PASS" start="2025-06-15T22:08:31.979834" elapsed="0.000236"/>
</kw>
<kw name="Close Browser">
<kw name="Close Browser" owner="Browser">
<msg time="2025-06-15T22:08:32.118261" level="INFO">Closed browser</msg>
<tag>BrowserControl</tag>
<tag>Setter</tag>
<doc>Closes the current browser.</doc>
<status status="PASS" start="2025-06-15T22:08:31.980696" elapsed="0.137842"/>
</kw>
<status status="PASS" start="2025-06-15T22:08:31.980331" elapsed="0.138464"/>
</kw>
<status status="PASS" start="2025-06-15T22:08:26.500714" elapsed="5.618472"/>
</test>
<test id="s1-t2" name="Failed Login With Locked Out User Test" line="31">
<kw name="Open Browser To Login Page">
<kw name="New Browser" owner="Browser">
<msg time="2025-06-15T22:08:32.131828" level="INFO">{"browser": "chromium", "headless": false, "args": ["--disable-save-password-bubble"], "chromiumSandbox": false, "devtools": false, "handleSIGHUP": true, "handleSIGINT": true, "handleSIGTERM": true, "slowMo": 0.0, "timeout": 30000.0, "tracesDir": "/Users/aronkock/PycharmProjects/RobotFramework_Practice/browser/traces/temp/065a824f-4798-4177-a5bf-5aad241b5c3a"}</msg>
<msg time="2025-06-15T22:08:33.069159" level="INFO">Successfully created browser with options: {"browser":"chromium","headless":false,"args":["--disable-save-password-bubble"],"chromiumSandbox":false,"devtools":false,"handleSIGHUP":true,"handleSIGINT":true,"handleSIGTERM":true,"slowMo":0,"timeout":30000,"tracesDir":"/Users/aronkock/PycharmProjects/RobotFramework_Practice/browser/traces/temp/065a824f-4798-4177-a5bf-5aad241b5c3a"}</msg>
<arg>chromium</arg>
<arg>headless=false</arg>
<arg>args=["--disable-save-password-bubble"]</arg>
<tag>BrowserControl</tag>
<tag>Setter</tag>
<doc>Create a new playwright Browser with specified options.</doc>
<status status="PASS" start="2025-06-15T22:08:32.130226" elapsed="0.939548"/>
</kw>
<kw name="New Context" owner="Browser">
<msg time="2025-06-15T22:08:33.077253" level="INFO">{
  "acceptDownloads": true,
  "bypassCSP": false,
  "forcedColors": "none",
  "ignoreHTTPSErrors": false,
  "javaScriptEnabled": true,
  "offline": false,
  "reducedMotion": "no-preference",
  "serviceWorkers": "allow",
  "viewport": {
    "width": 1280,
    "height": 720
  }
}</msg>
<msg time="2025-06-15T22:08:33.084545" level="INFO">Successfully created context. </msg>
<msg time="2025-06-15T22:08:33.084654" level="INFO">{'acceptDownloads': True, 'bypassCSP': False, 'forcedColors': 'none', 'ignoreHTTPSErrors': False, 'javaScriptEnabled': True, 'offline': False, 'reducedMotion': 'no-preference', 'serviceWorkers': 'allow', 'viewport': {'width': 1280, 'height': 720}}</msg>
<tag>BrowserControl</tag>
<tag>Setter</tag>
<doc>Create a new BrowserContext with specified options.</doc>
<status status="PASS" start="2025-06-15T22:08:33.070863" elapsed="0.013897"/>
</kw>
<kw name="New Page" owner="Browser">
<msg time="2025-06-15T22:08:34.923279" level="INFO">Successfully initialized new page object and opened url: https://www.saucedemo.com/</msg>
<arg>${URL}</arg>
<tag>BrowserControl</tag>
<tag>Setter</tag>
<doc>Open a new Page.</doc>
<status status="PASS" start="2025-06-15T22:08:33.084988" elapsed="1.839367"/>
</kw>
<kw name="Set Viewport Size" owner="Browser">
<msg time="2025-06-15T22:08:34.942694" level="INFO">Set viewport size to: [object Object]</msg>
<arg>1280</arg>
<arg>800</arg>
<tag>BrowserControl</tag>
<tag>Setter</tag>
<doc>Sets current Pages viewport size to specified dimensions.</doc>
<status status="PASS" start="2025-06-15T22:08:34.925182" elapsed="0.017765"/>
</kw>
<status status="PASS" start="2025-06-15T22:08:32.129306" elapsed="2.813878"/>
</kw>
<kw name="Fill Text" owner="Browser">
<msg time="2025-06-15T22:08:34.944509" level="INFO">Fills the text 'locked_out_user' in the given field.</msg>
<arg>${USERNAME_FIELD}</arg>
<arg>${LOCKED_OUT_USERNAME}</arg>
<tag>PageContent</tag>
<tag>Setter</tag>
<doc>Clears and fills the given ``txt`` into the text field found by ``selector``.</doc>
<status status="PASS" start="2025-06-15T22:08:34.943540" elapsed="0.030762"/>
</kw>
<kw name="Fill Text" owner="Browser">
<msg time="2025-06-15T22:08:34.976257" level="INFO">Fills the text 'secret_sauce' in the given field.</msg>
<arg>${PASSWORD_FIELD}</arg>
<arg>${COMMON_PASSWORD}</arg>
<tag>PageContent</tag>
<tag>Setter</tag>
<doc>Clears and fills the given ``txt`` into the text field found by ``selector``.</doc>
<status status="PASS" start="2025-06-15T22:08:34.974861" elapsed="0.011066"/>
</kw>
<kw name="Click" owner="Browser">
<msg time="2025-06-15T22:08:34.987621" level="INFO">Clicks the element '[data-test="login-button"]'.</msg>
<arg>${LOGIN_BUTTON}</arg>
<tag>PageContent</tag>
<tag>Setter</tag>
<doc>Simulates mouse click on the element found by ``selector``.</doc>
<status status="PASS" start="2025-06-15T22:08:34.986829" elapsed="0.048092"/>
</kw>
<kw name="Wait For Elements State" owner="Browser">
<msg time="2025-06-15T22:08:35.040790" level="INFO">Waited for Element with selector .error-message-container.error at state visible</msg>
<arg>${ERROR_MESSAGE_BOX}</arg>
<arg>visible</arg>
<tag>PageContent</tag>
<tag>Wait</tag>
<doc>Waits for the element found by ``selector`` to satisfy state option.</doc>
<status status="PASS" start="2025-06-15T22:08:35.035564" elapsed="0.005375"/>
</kw>
<kw name="Get Text" owner="Browser">
<msg time="2025-06-15T22:08:35.054027" level="INFO">Text: 'Epic sadface: Sorry, this user has been locked out.'</msg>
<arg>${ERROR_MESSAGE_BOX}</arg>
<arg>==</arg>
<arg>${LOCKED_OUT_ERROR_TEXT}</arg>
<tag>Assertion</tag>
<tag>Getter</tag>
<tag>PageContent</tag>
<doc>Returns text attribute of the element found by ``selector``.</doc>
<status status="PASS" start="2025-06-15T22:08:35.041219" elapsed="0.013358"/>
</kw>
<kw name="Close Browser">
<kw name="Close Browser" owner="Browser">
<msg time="2025-06-15T22:08:35.180101" level="INFO">Closed browser</msg>
<tag>BrowserControl</tag>
<tag>Setter</tag>
<doc>Closes the current browser.</doc>
<status status="PASS" start="2025-06-15T22:08:35.055483" elapsed="0.124817"/>
</kw>
<status status="PASS" start="2025-06-15T22:08:35.055000" elapsed="0.125475"/>
</kw>
<status status="PASS" start="2025-06-15T22:08:32.126154" elapsed="3.054560"/>
</test>
<status status="PASS" start="2025-06-15T22:08:26.309887" elapsed="8.875238"/>
</suite>
<statistics>
<total>
<stat pass="2" fail="0" skip="0">All Tests</stat>
</total>
<tag>
</tag>
<suite>
<stat name="First Ui Test" id="s1" pass="2" fail="0" skip="0">First Ui Test</stat>
</suite>
</statistics>
<errors>
</errors>
</robot>
